<?xml version="1.0" encoding="UTF-8"?>
<!-- Generated by org.testng.reporters.JUnitXMLReporter -->
<testsuite ignored="0" hostname="LAPTOP-AQ262HKC" failures="0" tests="4" name="Test" time="69.288" errors="0" timestamp="2022-07-11T11:31:16 IST">
  <testcase classname="DemoProject.E2EProjectSelenium.validateNavBar" name="validateNavIsDisplayed" time="0.082"/>
  <testcase classname="DemoProject.E2EProjectSelenium.HomePage" name="homePageNavigation" time="17.258"/>
  <testcase classname="DemoProject.E2EProjectSelenium.HomePage" name="homePageNavigation" time="23.79"/>
  <testcase classname="DemoProject.E2EProjectSelenium.validateTitle" name="validateLandingPageTitle" time="0.058"/>
</testsuite> <!-- Test -->
