<?xml version="1.0" encoding="UTF-8"?>
<!-- Generated by org.testng.reporters.JUnitXMLReporter -->
<testsuite ignored="0" hostname="LAPTOP-AQ262HKC" failures="1" tests="1" name="Validate Title of Page" time="11.675" errors="0" timestamp="2022-07-11T15:15:19 IST">
  <testcase classname="DemoProject.E2EProjectSelenium.validateTitle" name="validateLandingPageTitle" time="0.05">
    <failure type="org.junit.ComparisonFailure" message="expected:&amp;lt;FEATURED COURSES[]&amp;gt; but was:&amp;lt;FEATURED COURSES[12]&amp;gt;">
      <![CDATA[org.junit.ComparisonFailure: expected:<FEATURED COURSES[]> but was:<FEATURED COURSES[12]>
at org.junit.Assert.assertEquals(Assert.java:115)
at org.junit.Assert.assertEquals(Assert.java:144)
at DemoProject.E2EProjectSelenium.validateTitle.validateLandingPageTitle(validateTitle.java:31)
at java.base/java.util.ArrayList.forEach(ArrayList.java:1541)
... Removed 27 stack frames]]>
    </failure>
  </testcase> <!-- validateLandingPageTitle -->
</testsuite> <!-- Validate Title of Page -->
