<?xml version="1.0" encoding="UTF-8"?>
<!-- Generated by org.testng.reporters.JUnitXMLReporter -->
<testsuite ignored="0" hostname="LAPTOP-AQ262HKC" failures="0" tests="2" name="Validate Login in Home page" time="74.642" errors="0" timestamp="2022-07-11T15:45:52 IST">
  <testcase classname="DemoProject.E2EProjectSelenium.HomePage" name="homePageNavigation" time="55.493"/>
  <testcase classname="DemoProject.E2EProjectSelenium.HomePage" name="homePageNavigation" time="16.881"/>
</testsuite> <!-- Validate Login in Home page -->
