<?xml version="1.0" encoding="UTF-8"?>
<!-- Generated by org.testng.reporters.JUnitXMLReporter -->
<testsuite ignored="0" hostname="LAPTOP-AQ262HKC" failures="0" tests="4" name="Test" time="66.284" errors="0" timestamp="2022-07-09T19:03:05 IST">
  <testcase classname="DemoProject.E2EProjectSelenium.validateNavBar" name="validateNavIsDisplayed" time="0.071"/>
  <testcase classname="DemoProject.E2EProjectSelenium.HomePage" name="homePageNavigation" time="10.247"/>
  <testcase classname="DemoProject.E2EProjectSelenium.HomePage" name="homePageNavigation" time="10.247"/>
  <testcase classname="DemoProject.E2EProjectSelenium.validateTitle" name="validateLandingPageTitle" time="0.045"/>
</testsuite> <!-- Test -->
