<?xml version="1.0" encoding="UTF-8"?>
<!-- Generated by org.testng.reporters.JUnitXMLReporter -->
<testsuite ignored="0" hostname="LAPTOP-AQ262HKC" failures="1" tests="2" name="Validate Title of Page" time="17.534" errors="0" timestamp="2022-07-17T13:36:18 IST">
  <testcase classname="DemoProject.E2EProjectSelenium.validateTitle" name="validateLandingPageHeader" time="0.029"/>
  <testcase classname="DemoProject.E2EProjectSelenium.validateTitle" name="validateLandingPageTitle" time="0.026">
    <failure type="org.junit.ComparisonFailure" message="expected:&amp;lt;FEATURED COURSES[]&amp;gt; but was:&amp;lt;FEATURED COURSES[12]&amp;gt;">
      <![CDATA[org.junit.ComparisonFailure: expected:<FEATURED COURSES[]> but was:<FEATURED COURSES[12]>
at org.junit.Assert.assertEquals(Assert.java:115)
at org.junit.Assert.assertEquals(Assert.java:144)
at DemoProject.E2EProjectSelenium.validateTitle.validateLandingPageTitle(validateTitle.java:35)
at java.base/java.util.ArrayList.forEach(ArrayList.java:1511)
... Removed 29 stack frames]]>
    </failure>
  </testcase> <!-- validateLandingPageTitle -->
</testsuite> <!-- Validate Title of Page -->
