<?xml version="1.0" encoding="UTF-8"?>
<!-- Generated by org.testng.reporters.JUnitXMLReporter -->
<testsuite ignored="0" hostname="LAPTOP-AQ262HKC" failures="0" tests="2" name="Validate Login in Home page" time="28.394" errors="0" timestamp="2022-07-17T13:36:47 IST">
  <testcase classname="DemoProject.E2EProjectSelenium.HomePage" name="homePageNavigation" time="18.272"/>
  <testcase classname="DemoProject.E2EProjectSelenium.HomePage" name="homePageNavigation" time="9.328"/>
</testsuite> <!-- Validate Login in Home page -->
