<?xml version="1.0" encoding="UTF-8"?>
<testng-results ignored="0" total="5" passed="4" failed="1" skipped="0">
  <reporter-output>
  </reporter-output>
  <suite started-at="2022-07-17T13:35:43 IST" name="Suite" finished-at="2022-07-17T13:36:47 IST" duration-ms="63817">
    <groups>
    </groups>
    <test started-at="2022-07-17T13:35:43 IST" name="Validate Navigation bar" finished-at="2022-07-17T13:36:01 IST" duration-ms="17501">
      <class name="DemoProject.E2EProjectSelenium.validateNavBar">
        <test-method is-config="true" signature="initialize()[pri:0, instance:DemoProject.E2EProjectSelenium.validateNavBar@c2db68f]" started-at="2022-07-17T13:35:43 IST" name="initialize" finished-at="2022-07-17T13:36:00 IST" duration-ms="17375" status="PASS">
          <reporter-output>
          </reporter-output>
        </test-method> <!-- initialize -->
        <test-method signature="validateNavIsDisplayed()[pri:0, instance:DemoProject.E2EProjectSelenium.validateNavBar@c2db68f]" started-at="2022-07-17T13:36:00 IST" name="validateNavIsDisplayed" finished-at="2022-07-17T13:36:00 IST" duration-ms="46" status="PASS">
          <reporter-output>
          </reporter-output>
        </test-method> <!-- validateNavIsDisplayed -->
        <test-method is-config="true" signature="tearDown()[pri:0, instance:DemoProject.E2EProjectSelenium.validateNavBar@c2db68f]" started-at="2022-07-17T13:36:00 IST" name="tearDown" finished-at="2022-07-17T13:36:01 IST" duration-ms="51" status="PASS">
          <reporter-output>
          </reporter-output>
        </test-method> <!-- tearDown -->
      </class> <!-- DemoProject.E2EProjectSelenium.validateNavBar -->
    </test> <!-- Validate Navigation bar -->
    <test started-at="2022-07-17T13:36:01 IST" name="Validate Title of Page" finished-at="2022-07-17T13:36:18 IST" duration-ms="17534">
      <class name="DemoProject.E2EProjectSelenium.validateTitle">
        <test-method is-config="true" signature="initialize()[pri:0, instance:DemoProject.E2EProjectSelenium.validateTitle@2e61d218]" started-at="2022-07-17T13:36:01 IST" name="initialize" finished-at="2022-07-17T13:36:18 IST" duration-ms="17042" status="PASS">
          <reporter-output>
          </reporter-output>
        </test-method> <!-- initialize -->
        <test-method signature="validateLandingPageHeader()[pri:0, instance:DemoProject.E2EProjectSelenium.validateTitle@2e61d218]" started-at="2022-07-17T13:36:18 IST" name="validateLandingPageHeader" finished-at="2022-07-17T13:36:18 IST" duration-ms="29" status="PASS">
          <reporter-output>
          </reporter-output>
        </test-method> <!-- validateLandingPageHeader -->
        <test-method signature="validateLandingPageTitle()[pri:0, instance:DemoProject.E2EProjectSelenium.validateTitle@2e61d218]" started-at="2022-07-17T13:36:18 IST" name="validateLandingPageTitle" finished-at="2022-07-17T13:36:18 IST" duration-ms="26" status="FAIL">
          <exception class="org.junit.ComparisonFailure">
            <message>
              <![CDATA[expected:<FEATURED COURSES[]> but was:<FEATURED COURSES[12]>]]>
            </message>
            <full-stacktrace>
              <![CDATA[org.junit.ComparisonFailure: expected:<FEATURED COURSES[]> but was:<FEATURED COURSES[12]>
at org.junit.Assert.assertEquals(Assert.java:115)
at org.junit.Assert.assertEquals(Assert.java:144)
at DemoProject.E2EProjectSelenium.validateTitle.validateLandingPageTitle(validateTitle.java:35)
at java.base/jdk.internal.reflect.DirectMethodHandleAccessor.invoke(DirectMethodHandleAccessor.java:104)
at java.base/java.lang.reflect.Method.invoke(Method.java:577)
at org.testng.internal.MethodInvocationHelper.invokeMethod(MethodInvocationHelper.java:134)
at org.testng.internal.TestInvoker.invokeMethod(TestInvoker.java:597)
at org.testng.internal.TestInvoker.invokeTestMethod(TestInvoker.java:173)
at org.testng.internal.MethodRunner.runInSequence(MethodRunner.java:46)
at org.testng.internal.TestInvoker$MethodInvocationAgent.invoke(TestInvoker.java:816)
at org.testng.internal.TestInvoker.invokeTestMethods(TestInvoker.java:146)
at org.testng.internal.TestMethodWorker.invokeTestMethods(TestMethodWorker.java:146)
at org.testng.internal.TestMethodWorker.run(TestMethodWorker.java:128)
at java.base/java.util.ArrayList.forEach(ArrayList.java:1511)
at org.testng.TestRunner.privateRun(TestRunner.java:766)
at org.testng.TestRunner.run(TestRunner.java:587)
at org.testng.SuiteRunner.runTest(SuiteRunner.java:384)
at org.testng.SuiteRunner.runSequentially(SuiteRunner.java:378)
at org.testng.SuiteRunner.privateRun(SuiteRunner.java:337)
at org.testng.SuiteRunner.run(SuiteRunner.java:286)
at org.testng.SuiteRunnerWorker.runSuite(SuiteRunnerWorker.java:53)
at org.testng.SuiteRunnerWorker.run(SuiteRunnerWorker.java:96)
at org.testng.TestNG.runSuitesSequentially(TestNG.java:1187)
at org.testng.TestNG.runSuitesLocally(TestNG.java:1109)
at org.testng.TestNG.runSuites(TestNG.java:1039)
at org.testng.TestNG.run(TestNG.java:1007)
at org.apache.maven.surefire.testng.TestNGExecutor.run(TestNGExecutor.java:324)
at org.apache.maven.surefire.testng.TestNGXmlTestSuite.execute(TestNGXmlTestSuite.java:74)
at org.apache.maven.surefire.testng.TestNGProvider.invoke(TestNGProvider.java:123)
at org.apache.maven.surefire.booter.ForkedBooter.runSuitesInProcess(ForkedBooter.java:456)
at org.apache.maven.surefire.booter.ForkedBooter.execute(ForkedBooter.java:169)
at org.apache.maven.surefire.booter.ForkedBooter.run(ForkedBooter.java:595)
at org.apache.maven.surefire.booter.ForkedBooter.main(ForkedBooter.java:581)
]]>
            </full-stacktrace>
          </exception> <!-- org.junit.ComparisonFailure -->
          <reporter-output>
          </reporter-output>
        </test-method> <!-- validateLandingPageTitle -->
        <test-method is-config="true" signature="tearDown()[pri:0, instance:DemoProject.E2EProjectSelenium.validateTitle@2e61d218]" started-at="2022-07-17T13:36:18 IST" name="tearDown" finished-at="2022-07-17T13:36:18 IST" duration-ms="69" status="PASS">
          <reporter-output>
          </reporter-output>
        </test-method> <!-- tearDown -->
      </class> <!-- DemoProject.E2EProjectSelenium.validateTitle -->
    </test> <!-- Validate Title of Page -->
    <test started-at="2022-07-17T13:36:18 IST" name="App Testing" finished-at="2022-07-17T13:36:18 IST" duration-ms="0">
    </test> <!-- App Testing -->
    <test started-at="2022-07-17T13:36:18 IST" name="Validate Login in Home page" finished-at="2022-07-17T13:36:47 IST" duration-ms="28394">
      <class name="DemoProject.E2EProjectSelenium.HomePage">
        <test-method is-config="true" signature="initialize()[pri:0, instance:DemoProject.E2EProjectSelenium.HomePage@640f11a1]" started-at="2022-07-17T13:36:18 IST" name="initialize" finished-at="2022-07-17T13:36:19 IST" duration-ms="744" status="PASS">
          <reporter-output>
          </reporter-output>
        </test-method> <!-- initialize -->
        <test-method signature="homePageNavigation(java.lang.String, java.lang.String, java.lang.String)[pri:0, instance:DemoProject.E2EProjectSelenium.HomePage@640f11a1]" started-at="2022-07-17T13:36:19 IST" name="homePageNavigation" data-provider="getData" finished-at="2022-07-17T13:36:37 IST" duration-ms="18272" status="PASS">
          <params>
            <param index="0">
              <value>
                <![CDATA[nonrestricteduser@dff.com]]>
              </value>
            </param>
            <param index="1">
              <value>
                <![CDATA[123456]]>
              </value>
            </param>
            <param index="2">
              <value>
                <![CDATA[UnRestricted User]]>
              </value>
            </param>
          </params>
          <reporter-output>
          </reporter-output>
        </test-method> <!-- homePageNavigation -->
        <test-method signature="homePageNavigation(java.lang.String, java.lang.String, java.lang.String)[pri:0, instance:DemoProject.E2EProjectSelenium.HomePage@640f11a1]" started-at="2022-07-17T13:36:37 IST" name="homePageNavigation" data-provider="getData" finished-at="2022-07-17T13:36:47 IST" duration-ms="9328" status="PASS">
          <params>
            <param index="0">
              <value>
                <![CDATA[restricteduser@fhjh.com]]>
              </value>
            </param>
            <param index="1">
              <value>
                <![CDATA[4352642]]>
              </value>
            </param>
            <param index="2">
              <value>
                <![CDATA[Restricted User]]>
              </value>
            </param>
          </params>
          <reporter-output>
          </reporter-output>
        </test-method> <!-- homePageNavigation -->
        <test-method is-config="true" signature="tearDown()[pri:0, instance:DemoProject.E2EProjectSelenium.HomePage@640f11a1]" started-at="2022-07-17T13:36:47 IST" name="tearDown" finished-at="2022-07-17T13:36:47 IST" duration-ms="45" status="PASS">
          <reporter-output>
          </reporter-output>
        </test-method> <!-- tearDown -->
      </class> <!-- DemoProject.E2EProjectSelenium.HomePage -->
    </test> <!-- Validate Login in Home page -->
  </suite> <!-- Suite -->
</testng-results>
